{"C:\\Users\\hp\\Desktop\\Training\\React.js\\frontend\\src\\components\\AuthForm\\AuthForm.tsx": {"path":"C:\\Users\\hp\\Desktop\\Training\\React.js\\frontend\\src\\components\\AuthForm\\AuthForm.tsx","statementMap":{"0":{"start":{"line":1,"column":0},"end":{"line":1,"column":40}},"1":{"start":{"line":2,"column":0},"end":{"line":2,"column":53}},"2":{"start":{"line":3,"column":0},"end":{"line":3,"column":24}},"3":{"start":{"line":12,"column":19},"end":{"line":12,"column":32}},"4":{"start":{"line":14,"column":34},"end":{"line":22,"column":4}},"5":{"start":{"line":24,"column":28},"end":{"line":24,"column":57}},"6":{"start":{"line":25,"column":32},"end":{"line":25,"column":61}},"7":{"start":{"line":26,"column":32},"end":{"line":26,"column":47}},"8":{"start":{"line":28,"column":23},"end":{"line":34,"column":3}},"9":{"start":{"line":29,"column":26},"end":{"line":29,"column":34}},"10":{"start":{"line":30,"column":4},"end":{"line":33,"column":8}},"11":{"start":{"line":30,"column":27},"end":{"line":33,"column":6}},"12":{"start":{"line":36,"column":23},"end":{"line":50,"column":3}},"13":{"start":{"line":37,"column":4},"end":{"line":48,"column":5}},"14":{"start":{"line":38,"column":6},"end":{"line":38,"column":67}},"15":{"start":{"line":38,"column":37},"end":{"line":38,"column":67}},"16":{"start":{"line":39,"column":6},"end":{"line":39,"column":61}},"17":{"start":{"line":39,"column":34},"end":{"line":39,"column":61}},"18":{"start":{"line":40,"column":6},"end":{"line":40,"column":71}},"19":{"start":{"line":40,"column":39},"end":{"line":40,"column":71}},"20":{"start":{"line":41,"column":6},"end":{"line":41,"column":60}},"21":{"start":{"line":41,"column":25},"end":{"line":41,"column":60}},"22":{"start":{"line":42,"column":6},"end":{"line":42,"column":68}},"23":{"start":{"line":42,"column":34},"end":{"line":42,"column":68}},"24":{"start":{"line":43,"column":6},"end":{"line":43,"column":60}},"25":{"start":{"line":43,"column":30},"end":{"line":43,"column":60}},"26":{"start":{"line":44,"column":6},"end":{"line":44,"column":88}},"27":{"start":{"line":44,"column":40},"end":{"line":44,"column":88}},"28":{"start":{"line":46,"column":6},"end":{"line":46,"column":61}},"29":{"start":{"line":46,"column":34},"end":{"line":46,"column":61}},"30":{"start":{"line":47,"column":6},"end":{"line":47,"column":60}},"31":{"start":{"line":47,"column":30},"end":{"line":47,"column":60}},"32":{"start":{"line":49,"column":4},"end":{"line":49,"column":16}},"33":{"start":{"line":52,"column":23},"end":{"line":117,"column":3}},"34":{"start":{"line":53,"column":4},"end":{"line":53,"column":23}},"35":{"start":{"line":54,"column":4},"end":{"line":54,"column":19}},"36":{"start":{"line":55,"column":4},"end":{"line":55,"column":21}},"37":{"start":{"line":57,"column":28},"end":{"line":57,"column":42}},"38":{"start":{"line":58,"column":4},"end":{"line":61,"column":5}},"39":{"start":{"line":59,"column":6},"end":{"line":59,"column":32}},"40":{"start":{"line":60,"column":6},"end":{"line":60,"column":13}},"41":{"start":{"line":63,"column":4},"end":{"line":63,"column":21}},"42":{"start":{"line":65,"column":4},"end":{"line":116,"column":5}},"43":{"start":{"line":66,"column":18},"end":{"line":68,"column":44}},"44":{"start":{"line":70,"column":22},"end":{"line":83,"column":12}},"45":{"start":{"line":85,"column":23},"end":{"line":91,"column":8}},"46":{"start":{"line":93,"column":19},"end":{"line":93,"column":40}},"47":{"start":{"line":95,"column":6},"end":{"line":97,"column":7}},"48":{"start":{"line":96,"column":8},"end":{"line":96,"column":75}},"49":{"start":{"line":99,"column":6},"end":{"line":110,"column":7}},"50":{"start":{"line":100,"column":8},"end":{"line":100,"column":62}},"51":{"start":{"line":101,"column":8},"end":{"line":103,"column":17}},"52":{"start":{"line":102,"column":10},"end":{"line":102,"column":24}},"53":{"start":{"line":105,"column":8},"end":{"line":105,"column":40}},"54":{"start":{"line":106,"column":8},"end":{"line":106,"column":50}},"55":{"start":{"line":107,"column":8},"end":{"line":109,"column":17}},"56":{"start":{"line":108,"column":10},"end":{"line":108,"column":33}},"57":{"start":{"line":112,"column":22},"end":{"line":112,"column":82}},"58":{"start":{"line":113,"column":6},"end":{"line":113,"column":24}},"59":{"start":{"line":115,"column":6},"end":{"line":115,"column":24}},"60":{"start":{"line":119,"column":2},"end":{"line":237,"column":4}},"61":{"start":{"line":240,"column":0},"end":{"line":240,"column":24}}},"fnMap":{"0":{"name":"AuthForm","decl":{"start":{"line":11,"column":9},"end":{"line":11,"column":17}},"loc":{"start":{"line":11,"column":72},"end":{"line":238,"column":1}}},"1":{"name":"(anonymous_1)","decl":{"start":{"line":28,"column":23},"end":{"line":28,"column":24}},"loc":{"start":{"line":28,"column":66},"end":{"line":34,"column":3}}},"2":{"name":"(anonymous_2)","decl":{"start":{"line":30,"column":16},"end":{"line":30,"column":17}},"loc":{"start":{"line":30,"column":27},"end":{"line":33,"column":6}}},"3":{"name":"(anonymous_3)","decl":{"start":{"line":36,"column":23},"end":{"line":36,"column":26}},"loc":{"start":{"line":36,"column":28},"end":{"line":50,"column":3}}},"4":{"name":"(anonymous_4)","decl":{"start":{"line":52,"column":23},"end":{"line":52,"column":28}},"loc":{"start":{"line":52,"column":52},"end":{"line":117,"column":3}}},"5":{"name":"(anonymous_5)","decl":{"start":{"line":101,"column":19},"end":{"line":101,"column":22}},"loc":{"start":{"line":101,"column":24},"end":{"line":103,"column":9}}},"6":{"name":"(anonymous_6)","decl":{"start":{"line":107,"column":19},"end":{"line":107,"column":22}},"loc":{"start":{"line":107,"column":24},"end":{"line":109,"column":9}}}},"branchMap":{"0":{"loc":{"start":{"line":11,"column":39},"end":{"line":11,"column":55}},"type":"default-arg","locations":[{"start":{"line":11,"column":50},"end":{"line":11,"column":55}}]},"1":{"loc":{"start":{"line":37,"column":4},"end":{"line":48,"column":5}},"type":"if","locations":[{"start":{"line":37,"column":4},"end":{"line":48,"column":5}},{"start":{"line":45,"column":11},"end":{"line":48,"column":5}}]},"2":{"loc":{"start":{"line":38,"column":6},"end":{"line":38,"column":67}},"type":"if","locations":[{"start":{"line":38,"column":6},"end":{"line":38,"column":67}},{"start":{},"end":{}}]},"3":{"loc":{"start":{"line":39,"column":6},"end":{"line":39,"column":61}},"type":"if","locations":[{"start":{"line":39,"column":6},"end":{"line":39,"column":61}},{"start":{},"end":{}}]},"4":{"loc":{"start":{"line":40,"column":6},"end":{"line":40,"column":71}},"type":"if","locations":[{"start":{"line":40,"column":6},"end":{"line":40,"column":71}},{"start":{},"end":{}}]},"5":{"loc":{"start":{"line":41,"column":6},"end":{"line":41,"column":60}},"type":"if","locations":[{"start":{"line":41,"column":6},"end":{"line":41,"column":60}},{"start":{},"end":{}}]},"6":{"loc":{"start":{"line":42,"column":6},"end":{"line":42,"column":68}},"type":"if","locations":[{"start":{"line":42,"column":6},"end":{"line":42,"column":68}},{"start":{},"end":{}}]},"7":{"loc":{"start":{"line":43,"column":6},"end":{"line":43,"column":60}},"type":"if","locations":[{"start":{"line":43,"column":6},"end":{"line":43,"column":60}},{"start":{},"end":{}}]},"8":{"loc":{"start":{"line":44,"column":6},"end":{"line":44,"column":88}},"type":"if","locations":[{"start":{"line":44,"column":6},"end":{"line":44,"column":88}},{"start":{},"end":{}}]},"9":{"loc":{"start":{"line":46,"column":6},"end":{"line":46,"column":61}},"type":"if","locations":[{"start":{"line":46,"column":6},"end":{"line":46,"column":61}},{"start":{},"end":{}}]},"10":{"loc":{"start":{"line":47,"column":6},"end":{"line":47,"column":60}},"type":"if","locations":[{"start":{"line":47,"column":6},"end":{"line":47,"column":60}},{"start":{},"end":{}}]},"11":{"loc":{"start":{"line":58,"column":4},"end":{"line":61,"column":5}},"type":"if","locations":[{"start":{"line":58,"column":4},"end":{"line":61,"column":5}},{"start":{},"end":{}}]},"12":{"loc":{"start":{"line":66,"column":18},"end":{"line":68,"column":44}},"type":"cond-expr","locations":[{"start":{"line":67,"column":10},"end":{"line":67,"column":47}},{"start":{"line":68,"column":10},"end":{"line":68,"column":44}}]},"13":{"loc":{"start":{"line":70,"column":22},"end":{"line":83,"column":12}},"type":"cond-expr","locations":[{"start":{"line":71,"column":10},"end":{"line":79,"column":null}},{"start":{"line":80,"column":10},"end":{"line":83,"column":12}}]},"14":{"loc":{"start":{"line":75,"column":23},"end":{"line":75,"column":61}},"type":"binary-expr","locations":[{"start":{"line":75,"column":23},"end":{"line":75,"column":48}},{"start":{"line":75,"column":52},"end":{"line":75,"column":61}}]},"15":{"loc":{"start":{"line":95,"column":6},"end":{"line":97,"column":7}},"type":"if","locations":[{"start":{"line":95,"column":6},"end":{"line":97,"column":7}},{"start":{},"end":{}}]},"16":{"loc":{"start":{"line":96,"column":24},"end":{"line":96,"column":73}},"type":"binary-expr","locations":[{"start":{"line":96,"column":24},"end":{"line":96,"column":34}},{"start":{"line":96,"column":38},"end":{"line":96,"column":50}},{"start":{"line":96,"column":54},"end":{"line":96,"column":73}}]},"17":{"loc":{"start":{"line":99,"column":6},"end":{"line":110,"column":7}},"type":"if","locations":[{"start":{"line":99,"column":6},"end":{"line":110,"column":7}},{"start":{"line":104,"column":13},"end":{"line":110,"column":7}}]},"18":{"loc":{"start":{"line":112,"column":22},"end":{"line":112,"column":82}},"type":"cond-expr","locations":[{"start":{"line":112,"column":45},"end":{"line":112,"column":56}},{"start":{"line":112,"column":59},"end":{"line":112,"column":82}}]},"19":{"loc":{"start":{"line":124,"column":9},"end":{"line":124,"column":62}},"type":"binary-expr","locations":[{"start":{"line":124,"column":9},"end":{"line":124,"column":14}},{"start":{"line":124,"column":18},"end":{"line":124,"column":62}}]},"20":{"loc":{"start":{"line":125,"column":9},"end":{"line":125,"column":68}},"type":"binary-expr","locations":[{"start":{"line":125,"column":9},"end":{"line":125,"column":16}},{"start":{"line":125,"column":20},"end":{"line":125,"column":68}}]},"21":{"loc":{"start":{"line":127,"column":9},"end":{"line":193,"column":null}},"type":"binary-expr","locations":[{"start":{"line":127,"column":9},"end":{"line":127,"column":17}},{"start":{"line":128,"column":10},"end":{"line":192,"column":null}}]},"22":{"loc":{"start":{"line":196,"column":9},"end":{"line":206,"column":null}},"type":"binary-expr","locations":[{"start":{"line":196,"column":9},"end":{"line":196,"column":18}},{"start":{"line":197,"column":10},"end":{"line":205,"column":null}}]},"23":{"loc":{"start":{"line":221,"column":11},"end":{"line":221,"column":50}},"type":"cond-expr","locations":[{"start":{"line":221,"column":21},"end":{"line":221,"column":37}},{"start":{"line":221,"column":40},"end":{"line":221,"column":50}}]},"24":{"loc":{"start":{"line":225,"column":11},"end":{"line":232,"column":null}},"type":"cond-expr","locations":[{"start":{"line":226,"column":12},"end":{"line":227,"column":null}},{"start":{"line":230,"column":12},"end":{"line":231,"column":null}}]}},"s":{"0":3,"1":3,"2":3,"3":22,"4":22,"5":22,"6":22,"7":22,"8":22,"9":10,"10":10,"11":10,"12":22,"13":3,"14":1,"15":0,"16":1,"17":0,"18":1,"19":0,"20":1,"21":0,"22":1,"23":0,"24":1,"25":0,"26":1,"27":1,"28":2,"29":0,"30":2,"31":0,"32":2,"33":22,"34":3,"35":3,"36":3,"37":3,"38":3,"39":1,"40":1,"41":2,"42":2,"43":2,"44":2,"45":2,"46":2,"47":2,"48":1,"49":1,"50":0,"51":0,"52":0,"53":1,"54":1,"55":1,"56":1,"57":1,"58":1,"59":2,"60":22,"61":3},"f":{"0":22,"1":10,"2":10,"3":3,"4":3,"5":0,"6":1},"b":{"0":[0],"1":[1,2],"2":[0,1],"3":[0,1],"4":[0,1],"5":[0,1],"6":[0,1],"7":[0,1],"8":[1,0],"9":[0,2],"10":[0,2],"11":[1,2],"12":[0,2],"13":[0,2],"14":[0,0],"15":[1,1],"16":[1,0,0],"17":[0,1],"18":[1,0],"19":[22,2],"20":[22,1],"21":[22,10],"22":[22,12],"23":[2,20],"24":[10,12]}}
,"C:\\Users\\hp\\Desktop\\Training\\React.js\\frontend\\src\\pages\\Dashboard.tsx": {"path":"C:\\Users\\hp\\Desktop\\Training\\React.js\\frontend\\src\\pages\\Dashboard.tsx","statementMap":{"0":{"start":{"line":12,"column":0},"end":{"line":12,"column":24}},"1":{"start":{"line":1,"column":0},"end":{"line":1,"column":44}},"2":{"start":{"line":2,"column":0},"end":{"line":2,"column":47}},"3":{"start":{"line":3,"column":0},"end":{"line":3,"column":25}},"4":{"start":{"line":13,"column":19},"end":{"line":13,"column":32}},"5":{"start":{"line":14,"column":26},"end":{"line":14,"column":61}},"6":{"start":{"line":17,"column":19},"end":{"line":25,"column":3}},"7":{"start":{"line":18,"column":4},"end":{"line":24,"column":5}},"8":{"start":{"line":19,"column":24},"end":{"line":19,"column":43}},"9":{"start":{"line":20,"column":21},"end":{"line":20,"column":68}},"10":{"start":{"line":21,"column":6},"end":{"line":21,"column":45}},"11":{"start":{"line":23,"column":6},"end":{"line":23,"column":18}},"12":{"start":{"line":27,"column":2},"end":{"line":43,"column":17}},"13":{"start":{"line":28,"column":18},"end":{"line":28,"column":47}},"14":{"start":{"line":29,"column":4},"end":{"line":32,"column":5}},"15":{"start":{"line":30,"column":6},"end":{"line":30,"column":20}},"16":{"start":{"line":31,"column":6},"end":{"line":31,"column":13}},"17":{"start":{"line":34,"column":20},"end":{"line":34,"column":35}},"18":{"start":{"line":35,"column":4},"end":{"line":39,"column":5}},"19":{"start":{"line":36,"column":6},"end":{"line":36,"column":39}},"20":{"start":{"line":37,"column":6},"end":{"line":37,"column":20}},"21":{"start":{"line":38,"column":6},"end":{"line":38,"column":13}},"22":{"start":{"line":42,"column":4},"end":{"line":42,"column":21}},"23":{"start":{"line":45,"column":23},"end":{"line":48,"column":3}},"24":{"start":{"line":46,"column":4},"end":{"line":46,"column":37}},"25":{"start":{"line":47,"column":4},"end":{"line":47,"column":18}},"26":{"start":{"line":50,"column":2},"end":{"line":52,"column":3}},"27":{"start":{"line":51,"column":4},"end":{"line":51,"column":33}},"28":{"start":{"line":54,"column":2},"end":{"line":71,"column":4}}},"fnMap":{"0":{"name":"Dashboard","decl":{"start":{"line":12,"column":24},"end":{"line":12,"column":33}},"loc":{"start":{"line":12,"column":33},"end":{"line":72,"column":1}}},"1":{"name":"(anonymous_1)","decl":{"start":{"line":17,"column":19},"end":{"line":17,"column":20}},"loc":{"start":{"line":17,"column":58},"end":{"line":25,"column":3}}},"2":{"name":"(anonymous_2)","decl":{"start":{"line":27,"column":12},"end":{"line":27,"column":15}},"loc":{"start":{"line":27,"column":17},"end":{"line":43,"column":3}}},"3":{"name":"(anonymous_3)","decl":{"start":{"line":45,"column":23},"end":{"line":45,"column":26}},"loc":{"start":{"line":45,"column":28},"end":{"line":48,"column":3}}}},"branchMap":{"0":{"loc":{"start":{"line":29,"column":4},"end":{"line":32,"column":5}},"type":"if","locations":[{"start":{"line":29,"column":4},"end":{"line":32,"column":5}},{"start":{},"end":{}}]},"1":{"loc":{"start":{"line":35,"column":4},"end":{"line":39,"column":5}},"type":"if","locations":[{"start":{"line":35,"column":4},"end":{"line":39,"column":5}},{"start":{},"end":{}}]},"2":{"loc":{"start":{"line":50,"column":2},"end":{"line":52,"column":3}},"type":"if","locations":[{"start":{"line":50,"column":2},"end":{"line":52,"column":3}},{"start":{},"end":{}}]}},"s":{"0":1,"1":1,"2":1,"3":1,"4":5,"5":5,"6":5,"7":2,"8":2,"9":2,"10":2,"11":0,"12":5,"13":3,"14":3,"15":1,"16":1,"17":2,"18":2,"19":0,"20":0,"21":0,"22":2,"23":5,"24":1,"25":1,"26":5,"27":3,"28":2},"f":{"0":5,"1":2,"2":3,"3":1},"b":{"0":[1,2],"1":[0,2],"2":[3,2]}}
,"C:\\Users\\hp\\Desktop\\Training\\React.js\\frontend\\src\\pages\\Login.tsx": {"path":"C:\\Users\\hp\\Desktop\\Training\\React.js\\frontend\\src\\pages\\Login.tsx","statementMap":{"0":{"start":{"line":5,"column":0},"end":{"line":5,"column":24}},"1":{"start":{"line":1,"column":0},"end":{"line":1,"column":55}},"2":{"start":{"line":6,"column":2},"end":{"line":12,"column":4}}},"fnMap":{"0":{"name":"Login","decl":{"start":{"line":5,"column":24},"end":{"line":5,"column":29}},"loc":{"start":{"line":5,"column":29},"end":{"line":13,"column":1}}}},"branchMap":{},"s":{"0":1,"1":1,"2":1},"f":{"0":1},"b":{}}
,"C:\\Users\\hp\\Desktop\\Training\\React.js\\frontend\\src\\pages\\Signup.tsx": {"path":"C:\\Users\\hp\\Desktop\\Training\\React.js\\frontend\\src\\pages\\Signup.tsx","statementMap":{"0":{"start":{"line":3,"column":0},"end":{"line":3,"column":24}},"1":{"start":{"line":1,"column":0},"end":{"line":1,"column":55}},"2":{"start":{"line":4,"column":2},"end":{"line":8,"column":null}}},"fnMap":{"0":{"name":"Signup","decl":{"start":{"line":3,"column":24},"end":{"line":3,"column":30}},"loc":{"start":{"line":3,"column":30},"end":{"line":9,"column":1}}}},"branchMap":{},"s":{"0":1,"1":1,"2":1},"f":{"0":1},"b":{}}
}
