TN:
SF:src\App.tsx
FN:3,App
FNF:1
FNH:1
FNDA:3,App
DA:1,1
DA:4,3
DA:7,1
LF:3
LH:3
BRF:0
BRH:0
end_of_record
TN:
SF:src\components\AdminRoute\AdminRoute.tsx
FN:4,AdminRoute
FNF:1
FNH:1
FNDA:1,AdminRoute
DA:1,2
DA:2,2
DA:4,2
DA:5,1
LF:4
LH:4
BRF:0
BRH:0
end_of_record
TN:
SF:src\components\AuthForm\AuthForm.tsx
FN:13,AuthForm
FN:30,(anonymous_1)
FN:32,(anonymous_2)
FN:38,(anonymous_3)
FN:54,(anonymous_4)
FNF:5
FNH:5
FNDA:28,AuthForm
FNDA:10,(anonymous_1)
FNDA:10,(anonymous_2)
FNDA:3,(anonymous_3)
FNDA:3,(anonymous_4)
DA:1,4
DA:2,4
DA:3,4
DA:4,4
DA:5,4
DA:14,28
DA:16,28
DA:26,28
DA:27,28
DA:28,28
DA:30,28
DA:31,10
DA:32,10
DA:38,28
DA:39,3
DA:40,1
DA:41,1
DA:42,1
DA:43,1
DA:44,1
DA:45,1
DA:46,1
DA:48,2
DA:49,2
DA:51,2
DA:54,28
DA:55,3
DA:56,3
DA:57,3
DA:59,3
DA:60,3
DA:61,1
DA:62,1
DA:65,2
DA:67,2
DA:68,2
DA:83,1
DA:84,0
DA:85,0
DA:87,1
DA:88,1
DA:89,1
DA:92,1
DA:93,1
DA:95,2
DA:99,28
DA:220,4
LF:47
LH:45
BRDA:13,0,0,4
BRDA:39,1,0,1
BRDA:39,1,1,2
BRDA:40,2,0,0
BRDA:40,2,1,1
BRDA:41,3,0,0
BRDA:41,3,1,1
BRDA:42,4,0,0
BRDA:42,4,1,1
BRDA:43,5,0,0
BRDA:43,5,1,1
BRDA:44,6,0,0
BRDA:44,6,1,1
BRDA:45,7,0,0
BRDA:45,7,1,1
BRDA:46,8,0,1
BRDA:46,8,1,0
BRDA:48,9,0,0
BRDA:48,9,1,2
BRDA:49,10,0,0
BRDA:49,10,1,2
BRDA:60,11,0,1
BRDA:60,11,1,2
BRDA:68,12,0,0
BRDA:68,12,1,2
BRDA:73,13,0,0
BRDA:73,13,1,0
BRDA:83,14,0,0
BRDA:83,14,1,1
BRDA:92,15,0,1
BRDA:92,15,1,0
BRDA:104,16,0,28
BRDA:104,16,1,2
BRDA:105,17,0,28
BRDA:105,17,1,1
BRDA:107,18,0,28
BRDA:107,18,1,13
BRDA:176,19,0,28
BRDA:176,19,1,15
BRDA:201,20,0,2
BRDA:201,20,1,26
BRDA:205,21,0,13
BRDA:205,21,1,15
BRF:43
BRH:29
end_of_record
TN:
SF:src\components\NavBar\NavBar.tsx
FN:9,NavBar
FN:12,(anonymous_1)
FNF:2
FNH:2
FNDA:60,NavBar
FNDA:7,(anonymous_1)
DA:1,4
DA:2,4
DA:3,4
DA:9,4
DA:10,60
DA:12,60
DA:13,7
DA:14,7
DA:17,60
LF:9
LH:9
BRF:0
BRH:0
end_of_record
TN:
SF:src\components\ProductManagerRoute\ProductManagerRoute.tsx
FN:4,ProductManagerRoute
FNF:1
FNH:1
FNDA:1,ProductManagerRoute
DA:1,2
DA:2,2
DA:4,2
DA:5,1
LF:4
LH:4
BRF:0
BRH:0
end_of_record
TN:
SF:src\components\ProtectedRoute\ProtectedRoute.tsx
FN:9,ProtectedRoute
FNF:1
FNH:1
FNDA:4,ProtectedRoute
DA:1,2
DA:2,2
DA:9,2
DA:10,4
DA:12,4
DA:13,1
DA:14,1
DA:17,3
DA:18,2
DA:19,1
DA:23,2
LF:11
LH:11
BRDA:12,0,0,1
BRDA:12,0,1,3
BRDA:12,1,0,4
BRDA:12,1,1,3
BRDA:17,2,0,2
BRDA:17,2,1,1
BRDA:17,3,0,3
BRDA:17,3,1,2
BRDA:18,4,0,1
BRDA:18,4,1,1
BRDA:23,5,0,2
BRDA:23,5,1,0
BRF:12
BRH:11
end_of_record
TN:
SF:src\components\SideBar\SideBar.tsx
FN:12,Sidebar
FN:16,(anonymous_1)
FN:17,(anonymous_2)
FN:22,(anonymous_3)
FN:27,(anonymous_4)
FN:35,(anonymous_5)
FN:54,(anonymous_6)
FN:55,(anonymous_7)
FN:56,(anonymous_8)
FN:57,(anonymous_9)
FNF:10
FNH:10
FNDA:115,Sidebar
FNDA:48,(anonymous_1)
FNDA:55,(anonymous_2)
FNDA:48,(anonymous_3)
FNDA:9,(anonymous_4)
FNDA:1,(anonymous_5)
FNDA:3,(anonymous_6)
FNDA:2,(anonymous_7)
FNDA:2,(anonymous_8)
FNDA:2,(anonymous_9)
DA:1,4
DA:2,4
DA:3,4
DA:12,4
DA:13,115
DA:14,115
DA:16,115
DA:17,48
DA:18,55
DA:20,48
DA:21,48
DA:22,48
DA:25,115
DA:27,111
DA:28,9
DA:29,1
DA:31,8
DA:35,111
DA:36,1
DA:37,1
DA:40,111
DA:54,3
DA:55,2
DA:56,2
DA:57,2
LF:25
LH:25
BRDA:12,0,0,27
BRDA:25,1,0,4
BRDA:25,1,1,111
BRDA:25,2,0,115
BRDA:25,2,1,67
BRDA:28,3,0,1
BRDA:28,3,1,8
BRDA:42,4,0,111
BRDA:42,4,1,63
BRDA:42,4,2,63
BRDA:43,5,0,63
BRDA:43,5,1,48
BRDA:46,6,0,111
BRDA:46,6,1,63
BRDA:54,7,0,66
BRDA:54,7,1,45
BRDA:55,8,0,2
BRDA:55,8,1,109
BRDA:56,9,0,0
BRDA:56,9,1,111
BRDA:57,10,0,2
BRDA:57,10,1,109
BRF:22
BRH:21
end_of_record
TN:
SF:src\components\StatsCard\StatsCard.tsx
FN:9,StatsCard
FNF:1
FNH:1
FNDA:377,StatsCard
DA:1,5
DA:10,377
DA:29,5
LF:3
LH:3
BRF:0
BRH:0
end_of_record
TN:
SF:src\components\Tables\RecentOrders.tsx
FN:16,RecentOrders
FN:19,(anonymous_1)
FN:21,(anonymous_2)
FN:44,(anonymous_3)
FNF:4
FNH:4
FNDA:27,RecentOrders
FNDA:18,(anonymous_1)
FNDA:26,(anonymous_2)
FNDA:18,(anonymous_3)
DA:1,4
DA:16,4
DA:17,27
DA:19,27
DA:20,18
DA:21,26
DA:22,17
DA:23,16
DA:24,16
DA:26,27
DA:45,18
LF:11
LH:11
BRDA:17,0,0,27
BRDA:17,0,1,0
BRDA:20,1,0,1
BRDA:20,1,1,17
BRDA:20,2,0,18
BRDA:20,2,1,17
BRDA:22,3,0,1
BRDA:22,3,1,16
BRDA:23,4,0,16
BRDA:23,4,1,1
BRDA:23,5,0,16
BRDA:23,5,1,1
BRDA:24,6,0,16
BRDA:24,6,1,1
BRDA:24,6,2,0
BRF:15
BRH:13
end_of_record
TN:
SF:src\components\UserNavBar\UserNavBar.tsx
FN:6,UserNavBar
FN:10,(anonymous_1)
FN:15,(anonymous_2)
FN:15,(anonymous_3)
FNF:4
FNH:4
FNDA:12,UserNavBar
FNDA:1,(anonymous_1)
FNDA:2,(anonymous_2)
FNDA:2,(anonymous_3)
DA:1,3
DA:2,3
DA:3,3
DA:4,3
DA:6,3
DA:7,12
DA:8,12
DA:10,12
DA:11,1
DA:12,1
DA:15,12
DA:17,12
LF:12
LH:12
BRDA:40,0,0,12
BRDA:40,0,1,1
BRF:2
BRH:2
end_of_record
TN:
SF:src\pages\adminDashboard\adminDashboard.tsx
FN:27,AdminDashboard
FN:34,(anonymous_2)
FN:58,(anonymous_3)
FN:78,(anonymous_4)
FN:79,(anonymous_5)
FN:82,(anonymous_6)
FN:87,(anonymous_7)
FN:91,(anonymous_8)
FN:95,(anonymous_9)
FN:112,(anonymous_10)
FN:176,(anonymous_11)
FN:178,(anonymous_12)
FNF:12
FNH:8
FNDA:26,AdminDashboard
FNDA:13,(anonymous_2)
FNDA:13,(anonymous_3)
FNDA:0,(anonymous_4)
FNDA:0,(anonymous_5)
FNDA:13,(anonymous_6)
FNDA:1,(anonymous_7)
FNDA:26,(anonymous_8)
FNDA:15,(anonymous_9)
FNDA:26,(anonymous_10)
FNDA:0,(anonymous_11)
FNDA:0,(anonymous_12)
DA:1,2
DA:2,2
DA:3,2
DA:4,2
DA:5,2
DA:6,2
DA:7,2
DA:8,2
DA:9,2
DA:10,2
DA:11,2
DA:12,2
DA:27,2
DA:28,26
DA:29,26
DA:30,26
DA:31,26
DA:32,26
DA:34,26
DA:35,13
DA:36,2
DA:37,2
DA:41,26
DA:43,26
DA:51,26
DA:54,26
DA:55,26
DA:56,26
DA:58,26
DA:59,13
DA:60,2
DA:61,2
DA:62,2
DA:64,11
DA:65,11
DA:66,8
DA:67,8
DA:69,2
DA:70,2
DA:74,10
DA:78,26
DA:79,0
DA:82,26
DA:84,13
DA:87,26
DA:88,1
DA:91,26
DA:92,26
DA:94,8
DA:95,8
DA:96,15
DA:97,15
DA:99,8
DA:110,26
DA:112,26
DA:113,26
DA:114,13
DA:115,9
DA:117,8
DA:119,8
DA:121,0
DA:123,0
DA:125,0
DA:128,8
DA:172,26
DA:176,0
DA:179,0
DA:180,0
DA:182,0
LF:69
LH:61
BRDA:32,0,0,24
BRDA:32,0,1,2
BRDA:35,1,0,2
BRDA:35,1,1,11
BRDA:35,2,0,13
BRDA:35,2,1,12
BRDA:43,3,0,0
BRDA:43,3,1,26
BRDA:45,4,0,0
BRDA:45,4,1,26
BRDA:47,5,0,0
BRDA:47,5,1,26
BRDA:59,6,0,2
BRDA:59,6,1,11
BRDA:59,7,0,13
BRDA:59,7,1,12
BRDA:71,8,0,2
BRDA:71,8,1,0
BRDA:92,9,0,18
BRDA:92,9,1,8
BRDA:94,10,0,8
BRDA:94,10,1,0
BRDA:96,11,0,15
BRDA:96,11,1,1
BRDA:104,12,0,8
BRDA:104,12,1,0
BRDA:105,13,0,8
BRDA:105,13,1,0
BRDA:113,14,0,13
BRDA:113,14,1,13
BRDA:114,15,0,4
BRDA:114,15,1,9
BRDA:115,16,0,1
BRDA:115,16,1,8
BRDA:119,17,0,0
BRDA:119,17,1,0
BRDA:119,17,2,0
BRDA:119,17,3,8
BRDA:132,18,0,8
BRDA:132,18,1,0
BRDA:136,19,0,8
BRDA:136,19,1,0
BRDA:142,20,0,8
BRDA:142,20,1,0
BRDA:148,21,0,8
BRDA:148,21,1,0
BRDA:154,22,0,8
BRDA:154,22,1,0
BRDA:164,23,0,8
BRDA:164,23,1,0
BRDA:165,24,0,8
BRDA:165,24,1,0
BRDA:179,25,0,0
BRDA:179,25,1,0
BRF:54
BRH:35
end_of_record
TN:
SF:src\pages\auth\Login.tsx
FN:6,Login
FN:8,(anonymous_2)
FNF:2
FNH:2
FNDA:4,Login
FNDA:3,(anonymous_2)
DA:1,2
DA:2,2
DA:3,2
DA:4,2
DA:6,2
DA:7,4
DA:8,4
DA:9,3
DA:10,3
DA:11,2
DA:15,4
LF:11
LH:11
BRDA:10,0,0,2
BRDA:10,0,1,1
BRDA:10,1,0,3
BRDA:10,1,1,2
BRF:4
BRH:4
end_of_record
TN:
SF:src\pages\auth\Signup.tsx
FN:6,Signup
FN:9,(anonymous_2)
FNF:2
FNH:2
FNDA:4,Signup
FNDA:3,(anonymous_2)
DA:1,2
DA:2,2
DA:3,2
DA:4,2
DA:6,2
DA:7,4
DA:9,4
DA:10,3
DA:11,3
DA:12,2
DA:16,4
LF:11
LH:11
BRDA:11,0,0,2
BRDA:11,0,1,1
BRDA:11,1,0,3
BRDA:11,1,1,2
BRF:4
BRH:4
end_of_record
TN:
SF:src\pages\dashboard\Dashboard.tsx
FN:9,UserDashboard
FN:14,(anonymous_2)
FN:15,(anonymous_3)
FN:25,(anonymous_4)
FN:64,(anonymous_5)
FNF:5
FNH:5
FNDA:8,UserDashboard
FNDA:5,(anonymous_2)
FNDA:5,(anonymous_3)
FNDA:2,(anonymous_4)
FNDA:2,(anonymous_5)
DA:1,2
DA:2,2
DA:3,2
DA:5,2
DA:7,2
DA:9,2
DA:10,8
DA:11,8
DA:12,8
DA:14,8
DA:15,5
DA:16,5
DA:17,5
DA:18,5
DA:19,4
DA:21,4
DA:22,4
DA:23,4
DA:24,4
DA:26,2
DA:27,2
DA:28,2
DA:29,0
DA:32,0
DA:36,4
DA:37,4
DA:39,0
DA:40,0
DA:44,1
DA:45,1
DA:47,5
DA:50,5
DA:53,8
DA:65,2
LF:34
LH:30
BRDA:16,0,0,5
BRDA:16,0,1,0
BRDA:21,1,0,4
BRDA:21,1,1,0
BRDA:28,2,0,0
BRDA:28,2,1,2
BRDA:61,3,0,5
BRDA:61,3,1,3
BRDA:63,4,0,1
BRDA:63,4,1,2
BRDA:68,5,0,2
BRDA:68,5,1,2
BRF:12
BRH:9
end_of_record
TN:
SF:src\pages\notfound\NotFound.tsx
FN:4,NotFound
FNF:1
FNH:1
FNDA:1,NotFound
DA:1,2
DA:2,2
DA:4,2
DA:5,1
LF:4
LH:4
BRF:0
BRH:0
end_of_record
TN:
SF:src\pages\orders\OrdersPage.tsx
FN:21,OrdersPage
FN:30,(anonymous_2)
FN:31,(anonymous_3)
FN:44,(anonymous_4)
FN:55,(anonymous_5)
FN:56,(anonymous_6)
FN:84,(anonymous_7)
FN:86,(anonymous_8)
FN:92,(anonymous_9)
FN:93,(anonymous_10)
FN:109,(anonymous_11)
FN:111,(anonymous_12)
FN:121,(anonymous_13)
FN:136,(anonymous_14)
FN:141,(anonymous_15)
FN:160,(anonymous_16)
FN:167,(anonymous_17)
FN:177,(anonymous_18)
FN:180,(anonymous_19)
FN:210,(anonymous_20)
FN:221,(anonymous_21)
FN:229,(anonymous_22)
FNF:22
FNH:17
FNDA:45,OrdersPage
FNDA:19,(anonymous_2)
FNDA:19,(anonymous_3)
FNDA:46,(anonymous_4)
FNDA:46,(anonymous_5)
FNDA:93,(anonymous_6)
FNDA:6,(anonymous_7)
FNDA:3,(anonymous_8)
FNDA:3,(anonymous_9)
FNDA:9,(anonymous_10)
FNDA:0,(anonymous_11)
FNDA:0,(anonymous_12)
FNDA:0,(anonymous_13)
FNDA:0,(anonymous_14)
FNDA:0,(anonymous_15)
FNDA:1,(anonymous_16)
FNDA:2,(anonymous_17)
FNDA:2,(anonymous_18)
FNDA:2,(anonymous_19)
FNDA:65,(anonymous_20)
FNDA:3,(anonymous_21)
FNDA:295,(anonymous_22)
DA:1,3
DA:2,3
DA:3,3
DA:4,3
DA:5,3
DA:6,3
DA:21,3
DA:22,45
DA:23,45
DA:24,45
DA:25,45
DA:26,45
DA:27,45
DA:28,45
DA:30,45
DA:31,19
DA:32,19
DA:33,19
DA:34,1
DA:35,1
DA:37,18
DA:38,18
DA:42,16
DA:44,16
DA:45,46
DA:46,46
DA:47,46
DA:48,31
DA:49,30
DA:50,16
DA:51,15
DA:52,14
DA:55,16
DA:56,93
DA:57,46
DA:61,46
DA:71,16
DA:73,1
DA:75,17
DA:79,19
DA:82,45
DA:84,6
DA:86,45
DA:87,3
DA:88,0
DA:89,0
DA:92,3
DA:93,3
DA:94,9
DA:98,3
DA:99,3
DA:100,2
DA:101,1
DA:104,1
DA:105,1
DA:109,45
DA:110,0
DA:111,0
DA:119,0
DA:121,0
DA:124,0
DA:125,0
DA:126,0
DA:127,0
DA:128,0
DA:129,0
DA:130,0
DA:131,0
DA:132,0
DA:133,0
DA:136,45
DA:137,0
DA:138,0
DA:140,0
DA:141,0
DA:149,0
DA:155,0
DA:156,0
DA:159,45
DA:160,1
DA:167,2
DA:177,2
DA:180,2
DA:211,65
DA:221,3
DA:230,295
LF:86
LH:63
BRDA:28,0,0,43
BRDA:28,0,1,2
BRDA:33,1,0,1
BRDA:33,1,1,18
BRDA:45,2,0,0
BRDA:45,2,1,46
BRDA:47,3,0,15
BRDA:47,3,1,31
BRDA:48,4,0,1
BRDA:48,4,1,30
BRDA:49,5,0,14
BRDA:49,5,1,16
BRDA:50,6,0,1
BRDA:50,6,1,15
BRDA:50,7,0,16
BRDA:50,7,1,16
BRDA:51,8,0,1
BRDA:51,8,1,14
BRDA:57,9,0,45
BRDA:57,9,1,1
BRDA:58,10,0,45
BRDA:58,10,1,0
BRDA:58,10,2,0
BRDA:58,11,0,45
BRDA:58,11,1,0
BRDA:58,12,0,45
BRDA:58,12,1,0
BRDA:82,13,0,43
BRDA:82,13,1,2
BRDA:87,14,0,0
BRDA:87,14,1,3
BRDA:87,15,0,3
BRDA:87,15,1,3
BRDA:94,16,0,3
BRDA:94,16,1,6
BRDA:100,17,0,1
BRDA:100,17,1,1
BRDA:184,18,0,45
BRDA:184,18,1,2
BRDA:195,19,0,19
BRDA:195,19,1,26
BRDA:209,20,0,23
BRDA:209,20,1,3
BRDA:217,21,0,59
BRDA:217,21,1,6
BRDA:232,22,0,59
BRDA:232,22,1,0
BRF:47
BRH:40
end_of_record
TN:
SF:src\pages\productManagerDashboard\ProductManagerDashboard.tsx
FN:11,ProductManagerDashboard
FN:18,(anonymous_2)
FN:31,(anonymous_3)
FN:35,(anonymous_4)
FN:97,(anonymous_5)
FN:99,(anonymous_6)
FNF:6
FNH:4
FNDA:17,ProductManagerDashboard
FNDA:16,(anonymous_2)
FNDA:1,(anonymous_3)
FNDA:17,(anonymous_4)
FNDA:0,(anonymous_5)
FNDA:0,(anonymous_6)
DA:1,2
DA:2,2
DA:3,2
DA:4,2
DA:5,2
DA:6,2
DA:7,2
DA:8,2
DA:9,2
DA:11,2
DA:12,17
DA:13,17
DA:14,17
DA:15,17
DA:16,17
DA:18,17
DA:19,16
DA:20,2
DA:21,2
DA:25,17
DA:27,17
DA:31,17
DA:32,1
DA:35,17
DA:36,17
DA:38,1
DA:40,16
DA:93,17
DA:97,0
DA:100,0
DA:101,0
DA:103,0
LF:32
LH:28
BRDA:16,0,0,16
BRDA:16,0,1,1
BRDA:19,1,0,2
BRDA:19,1,1,14
BRDA:19,2,0,16
BRDA:19,2,1,15
BRDA:27,3,0,1
BRDA:27,3,1,16
BRDA:36,4,0,1
BRDA:36,4,1,16
BRDA:100,5,0,0
BRDA:100,5,1,0
BRF:12
BRH:10
end_of_record
TN:
SF:src\pages\products\ProductsPage.tsx
FN:17,ProductsPage
FN:48,(anonymous_2)
FN:57,(anonymous_3)
FN:83,(anonymous_4)
FN:88,(anonymous_5)
FN:104,(anonymous_6)
FN:135,(anonymous_7)
FN:147,(anonymous_8)
FN:151,(anonymous_9)
FN:217,(anonymous_10)
FN:233,(anonymous_11)
FN:238,(anonymous_12)
FN:255,(anonymous_13)
FN:256,(anonymous_14)
FN:260,(anonymous_15)
FN:283,(anonymous_16)
FN:284,(anonymous_17)
FN:285,(anonymous_18)
FN:287,(anonymous_19)
FN:293,(anonymous_20)
FN:340,(anonymous_21)
FN:347,(anonymous_22)
FN:350,(anonymous_23)
FN:361,(anonymous_24)
FN:372,(anonymous_25)
FN:405,(anonymous_26)
FN:442,(anonymous_27)
FN:449,(anonymous_28)
FN:455,(anonymous_29)
FN:466,(anonymous_30)
FN:489,(anonymous_31)
FN:495,(anonymous_32)
FN:517,(anonymous_33)
FN:532,(anonymous_34)
FN:545,(anonymous_35)
FN:559,(anonymous_36)
FN:576,(anonymous_37)
FN:591,(anonymous_38)
FN:605,(anonymous_39)
FN:619,(anonymous_40)
FN:632,(anonymous_41)
FN:645,(anonymous_42)
FNF:42
FNH:33
FNDA:58,ProductsPage
FNDA:22,(anonymous_2)
FNDA:40,(anonymous_3)
FNDA:20,(anonymous_4)
FNDA:4,(anonymous_5)
FNDA:1,(anonymous_6)
FNDA:1,(anonymous_7)
FNDA:1,(anonymous_8)
FNDA:2,(anonymous_9)
FNDA:2,(anonymous_10)
FNDA:1,(anonymous_11)
FNDA:0,(anonymous_12)
FNDA:72,(anonymous_13)
FNDA:72,(anonymous_14)
FNDA:72,(anonymous_15)
FNDA:72,(anonymous_16)
FNDA:72,(anonymous_17)
FNDA:72,(anonymous_18)
FNDA:62,(anonymous_19)
FNDA:62,(anonymous_20)
FNDA:3,(anonymous_21)
FNDA:1,(anonymous_22)
FNDA:50,(anonymous_23)
FNDA:1,(anonymous_24)
FNDA:1,(anonymous_25)
FNDA:62,(anonymous_26)
FNDA:0,(anonymous_27)
FNDA:0,(anonymous_28)
FNDA:1,(anonymous_29)
FNDA:1,(anonymous_30)
FNDA:1,(anonymous_31)
FNDA:2,(anonymous_32)
FNDA:3,(anonymous_33)
FNDA:2,(anonymous_34)
FNDA:0,(anonymous_35)
FNDA:0,(anonymous_36)
FNDA:0,(anonymous_37)
FNDA:2,(anonymous_38)
FNDA:2,(anonymous_39)
FNDA:0,(anonymous_40)
FNDA:0,(anonymous_41)
FNDA:0,(anonymous_42)
DA:1,4
DA:3,4
DA:13,4
DA:14,4
DA:15,4
DA:17,4
DA:18,58
DA:19,58
DA:20,58
DA:22,58
DA:23,58
DA:24,58
DA:26,58
DA:27,58
DA:29,58
DA:30,58
DA:31,58
DA:33,58
DA:34,58
DA:45,58
DA:46,58
DA:48,58
DA:49,22
DA:50,22
DA:51,22
DA:52,19
DA:54,19
DA:55,19
DA:56,19
DA:58,40
DA:59,40
DA:60,40
DA:61,1
DA:64,0
DA:68,19
DA:69,19
DA:71,0
DA:72,0
DA:75,19
DA:77,2
DA:79,21
DA:83,58
DA:85,20
DA:88,58
DA:89,4
DA:90,4
DA:91,4
DA:101,4
DA:104,58
DA:105,1
DA:106,1
DA:108,1
DA:118,1
DA:120,1
DA:121,1
DA:122,1
DA:124,1
DA:126,1
DA:127,1
DA:128,1
DA:129,0
DA:130,0
DA:131,0
DA:134,1
DA:135,1
DA:136,1
DA:138,0
DA:141,0
DA:144,1
DA:147,58
DA:148,1
DA:151,58
DA:152,2
DA:154,2
DA:155,0
DA:156,0
DA:158,2
DA:159,2
DA:161,2
DA:162,1
DA:163,1
DA:165,1
DA:166,0
DA:167,0
DA:170,1
DA:180,1
DA:181,1
DA:182,1
DA:183,1
DA:184,1
DA:186,1
DA:188,1
DA:189,0
DA:190,0
DA:192,0
DA:195,0
DA:196,0
DA:198,0
DA:199,0
DA:200,0
DA:201,0
DA:204,0
DA:207,0
DA:210,1
DA:211,1
DA:213,0
DA:217,58
DA:218,2
DA:219,1
DA:220,1
DA:222,1
DA:223,1
DA:224,1
DA:225,1
DA:226,1
DA:228,0
DA:233,58
DA:234,1
DA:235,1
DA:238,58
DA:239,0
DA:240,0
DA:241,0
DA:243,0
DA:244,0
DA:245,0
DA:246,0
DA:248,0
DA:252,58
DA:255,72
DA:256,72
DA:260,58
DA:262,72
DA:267,72
DA:270,72
DA:271,72
DA:272,0
DA:273,72
DA:274,0
DA:275,72
DA:276,3
DA:279,72
DA:282,58
DA:283,72
DA:284,72
DA:285,72
DA:287,58
DA:288,62
DA:289,41
DA:290,24
DA:293,58
DA:294,62
DA:295,41
DA:296,24
DA:299,58
DA:340,3
DA:347,1
DA:351,50
DA:361,1
DA:373,1
DA:374,1
DA:375,1
DA:406,62
DA:443,0
DA:449,0
DA:455,1
DA:466,1
DA:489,1
DA:496,2
DA:517,3
DA:533,2
DA:546,0
DA:560,0
DA:577,0
DA:592,2
DA:606,2
DA:620,0
DA:633,0
DA:646,0
LF:179
LH:136
BRDA:45,0,0,58
BRDA:45,0,1,0
BRDA:46,1,0,58
BRDA:46,1,1,0
BRDA:60,2,0,1
BRDA:60,2,1,39
BRDA:77,3,0,2
BRDA:77,3,1,0
BRDA:110,4,0,1
BRDA:110,4,1,0
BRDA:113,5,0,1
BRDA:113,5,1,0
BRDA:114,6,0,1
BRDA:114,6,1,0
BRDA:115,7,0,1
BRDA:115,7,1,0
BRDA:126,8,0,1
BRDA:126,8,1,0
BRDA:126,9,0,1
BRDA:126,9,1,1
BRDA:128,10,0,1
BRDA:128,10,1,0
BRDA:128,10,2,0
BRDA:128,10,3,0
BRDA:128,10,4,0
BRDA:129,11,0,0
BRDA:129,11,1,0
BRDA:129,12,0,0
BRDA:129,12,1,0
BRDA:131,13,0,0
BRDA:131,13,1,0
BRDA:131,13,2,0
BRDA:131,13,3,0
BRDA:131,13,4,0
BRDA:134,14,0,1
BRDA:134,14,1,0
BRDA:154,15,0,0
BRDA:154,15,1,2
BRDA:161,16,0,1
BRDA:161,16,1,1
BRDA:161,17,0,2
BRDA:161,17,1,2
BRDA:165,18,0,0
BRDA:165,18,1,1
BRDA:165,19,0,1
BRDA:165,19,1,1
BRDA:165,19,2,1
BRDA:172,20,0,1
BRDA:172,20,1,1
BRDA:175,21,0,1
BRDA:175,21,1,1
BRDA:176,22,0,1
BRDA:176,22,1,1
BRDA:177,23,0,1
BRDA:177,23,1,1
BRDA:181,24,0,1
BRDA:181,24,1,0
BRDA:184,25,0,1
BRDA:184,25,1,0
BRDA:184,25,2,0
BRDA:188,26,0,0
BRDA:188,26,1,1
BRDA:188,27,0,1
BRDA:188,27,1,0
BRDA:195,28,0,0
BRDA:195,28,1,0
BRDA:195,29,0,0
BRDA:195,29,1,0
BRDA:200,30,0,0
BRDA:200,30,1,0
BRDA:213,31,0,0
BRDA:213,31,1,0
BRDA:218,32,0,1
BRDA:218,32,1,1
BRDA:222,33,0,1
BRDA:222,33,1,0
BRDA:228,34,0,0
BRDA:228,34,1,0
BRDA:239,35,0,0
BRDA:239,35,1,0
BRDA:239,36,0,0
BRDA:239,36,1,0
BRDA:239,36,2,0
BRDA:248,37,0,0
BRDA:248,37,1,0
BRDA:262,38,0,72
BRDA:262,38,1,7
BRDA:262,38,2,7
BRDA:263,39,0,7
BRDA:263,39,1,0
BRDA:264,40,0,7
BRDA:264,40,1,0
BRDA:267,41,0,72
BRDA:267,41,1,3
BRDA:267,41,2,3
BRDA:271,42,0,0
BRDA:271,42,1,72
BRDA:273,43,0,0
BRDA:273,43,1,72
BRDA:274,44,0,0
BRDA:274,44,1,0
BRDA:275,45,0,3
BRDA:275,45,1,69
BRDA:279,46,0,72
BRDA:279,46,1,65
BRDA:279,46,2,64
BRDA:284,47,0,72
BRDA:284,47,1,48
BRDA:288,48,0,21
BRDA:288,48,1,41
BRDA:289,49,0,17
BRDA:289,49,1,24
BRDA:294,50,0,21
BRDA:294,50,1,41
BRDA:295,51,0,17
BRDA:295,51,1,24
BRDA:303,52,0,58
BRDA:303,52,1,55
BRDA:384,53,0,20
BRDA:384,53,1,38
BRDA:386,54,0,1
BRDA:386,54,1,37
BRDA:388,55,0,27
BRDA:388,55,1,10
BRDA:409,56,0,3
BRDA:409,56,1,59
BRDA:427,57,0,62
BRDA:427,57,1,62
BRDA:431,58,0,62
BRDA:431,58,1,0
BRDA:433,59,0,62
BRDA:433,59,1,0
BRDA:434,60,0,62
BRDA:434,60,1,0
BRDA:437,61,0,1
BRDA:437,61,1,61
BRDA:443,62,0,0
BRDA:443,62,1,0
BRDA:485,63,0,62
BRDA:485,63,1,59
BRDA:515,64,0,58
BRDA:515,64,1,11
BRDA:519,65,0,10
BRDA:519,65,1,1
BRDA:564,66,0,11
BRDA:564,66,1,1
BRDA:662,67,0,10
BRDA:662,67,1,1
BRF:148
BRH:90
end_of_record
TN:
SF:src\pages\users\UsersPage.tsx
FN:16,UsersPage
FN:21,(anonymous_1)
FN:24,(anonymous_2)
FN:25,(anonymous_3)
FN:34,(anonymous_4)
FN:46,(anonymous_5)
FN:55,(anonymous_6)
FN:56,(anonymous_7)
FN:70,(anonymous_8)
FN:83,(anonymous_9)
FN:83,(anonymous_10)
FN:95,(anonymous_11)
FN:104,(anonymous_12)
FN:108,(anonymous_13)
FN:115,(anonymous_14)
FN:133,(anonymous_15)
FN:135,(anonymous_16)
FN:146,(anonymous_17)
FN:159,(anonymous_18)
FN:184,(anonymous_19)
FN:201,(anonymous_20)
FN:209,(anonymous_21)
FN:235,(anonymous_22)
FN:247,(anonymous_23)
FN:259,(anonymous_24)
FN:270,(anonymous_25)
FNF:26
FNH:25
FNDA:53,UsersPage
FNDA:21,(anonymous_1)
FNDA:19,(anonymous_2)
FNDA:55,(anonymous_3)
FNDA:1,(anonymous_4)
FNDA:2,(anonymous_5)
FNDA:2,(anonymous_6)
FNDA:6,(anonymous_7)
FNDA:2,(anonymous_8)
FNDA:2,(anonymous_9)
FNDA:6,(anonymous_10)
FNDA:4,(anonymous_11)
FNDA:1,(anonymous_12)
FNDA:2,(anonymous_13)
FNDA:3,(anonymous_14)
FNDA:9,(anonymous_15)
FNDA:90,(anonymous_16)
FNDA:90,(anonymous_17)
FNDA:3,(anonymous_18)
FNDA:87,(anonymous_19)
FNDA:2,(anonymous_20)
FNDA:2,(anonymous_21)
FNDA:1,(anonymous_22)
FNDA:1,(anonymous_23)
FNDA:1,(anonymous_24)
FNDA:0,(anonymous_25)
DA:1,3
DA:2,3
DA:3,3
DA:4,3
DA:16,3
DA:17,53
DA:18,53
DA:19,53
DA:21,53
DA:22,21
DA:23,20
DA:25,55
DA:32,19
DA:34,1
DA:37,53
DA:39,53
DA:40,53
DA:46,53
DA:47,2
DA:48,0
DA:49,0
DA:52,2
DA:54,2
DA:55,2
DA:56,2
DA:57,6
DA:61,2
DA:62,2
DA:64,1
DA:65,1
DA:66,1
DA:70,53
DA:71,2
DA:72,0
DA:73,0
DA:76,2
DA:77,0
DA:80,2
DA:82,2
DA:83,6
DA:85,2
DA:86,2
DA:88,1
DA:89,1
DA:90,1
DA:91,1
DA:95,53
DA:96,4
DA:101,4
DA:104,53
DA:105,1
DA:108,53
DA:109,2
DA:110,2
DA:111,1
DA:112,1
DA:115,3
DA:116,1
DA:117,1
DA:119,1
DA:127,1
DA:128,1
DA:131,53
DA:133,9
DA:135,53
DA:136,90
DA:138,33
DA:140,30
DA:142,27
DA:146,53
DA:147,90
DA:148,60
DA:151,53
DA:159,3
DA:185,87
DA:201,2
DA:209,2
DA:235,1
DA:247,1
DA:259,1
DA:270,0
LF:81
LH:75
BRDA:19,0,0,52
BRDA:19,0,1,1
BRDA:22,1,0,20
BRDA:22,1,1,1
BRDA:27,2,0,55
BRDA:27,2,1,1
BRDA:29,3,0,55
BRDA:29,3,1,0
BRDA:47,4,0,0
BRDA:47,4,1,2
BRDA:47,5,0,2
BRDA:47,5,1,2
BRDA:57,6,0,2
BRDA:57,6,1,4
BRDA:71,7,0,0
BRDA:71,7,1,2
BRDA:71,8,0,2
BRDA:71,8,1,2
BRDA:76,9,0,0
BRDA:76,9,1,2
BRDA:90,10,0,1
BRDA:90,10,1,0
BRDA:110,11,0,1
BRDA:110,11,1,1
BRDA:110,12,0,2
BRDA:110,12,1,1
BRDA:116,13,0,1
BRDA:116,13,1,0
BRDA:131,14,0,50
BRDA:131,14,1,3
BRDA:136,15,0,33
BRDA:136,15,1,30
BRDA:136,15,2,27
BRDA:147,16,0,30
BRDA:147,16,1,60
BRDA:166,17,0,53
BRDA:166,17,1,49
BRDA:183,18,0,32
BRDA:183,18,1,21
BRDA:196,19,0,84
BRDA:196,19,1,3
BRDA:233,20,0,53
BRDA:233,20,1,6
BRF:43
BRH:37
end_of_record
TN:
SF:src\routes\AppRoutes.tsx
FN:13,AppRoutes
FNF:1
FNH:0
FNDA:0,AppRoutes
DA:1,1
DA:2,1
DA:3,1
DA:4,1
DA:5,1
DA:6,1
DA:7,1
DA:8,1
DA:9,1
DA:10,1
DA:11,1
DA:14,0
DA:39,1
LF:13
LH:12
BRF:0
BRH:0
end_of_record
TN:
SF:src\services\apiService.ts
FN:9,(anonymous_0)
FN:20,(anonymous_1)
FN:31,(anonymous_2)
FN:42,(anonymous_3)
FN:64,(anonymous_4)
FN:75,(anonymous_5)
FN:91,(anonymous_6)
FN:102,(anonymous_7)
FN:113,(anonymous_8)
FN:124,(anonymous_9)
FN:135,(anonymous_10)
FN:148,(anonymous_11)
FN:159,(anonymous_12)
FN:177,(anonymous_13)
FN:194,(anonymous_14)
FN:210,(anonymous_15)
FN:224,(anonymous_16)
FN:254,(anonymous_17)
FN:280,(anonymous_18)
FN:291,(anonymous_19)
FN:302,(anonymous_20)
FN:318,(anonymous_21)
FN:332,(anonymous_22)
FN:349,(anonymous_23)
FN:366,(anonymous_24)
FN:384,(anonymous_25)
FN:399,(anonymous_26)
FN:415,(anonymous_27)
FN:431,(anonymous_28)
FN:450,(anonymous_29)
FNF:30
FNH:6
FNDA:5,(anonymous_0)
FNDA:1,(anonymous_1)
FNDA:2,(anonymous_2)
FNDA:0,(anonymous_3)
FNDA:0,(anonymous_4)
FNDA:0,(anonymous_5)
FNDA:0,(anonymous_6)
FNDA:0,(anonymous_7)
FNDA:0,(anonymous_8)
FNDA:0,(anonymous_9)
FNDA:0,(anonymous_10)
FNDA:0,(anonymous_11)
FNDA:0,(anonymous_12)
FNDA:2,(anonymous_13)
FNDA:0,(anonymous_14)
FNDA:0,(anonymous_15)
FNDA:0,(anonymous_16)
FNDA:7,(anonymous_17)
FNDA:0,(anonymous_18)
FNDA:0,(anonymous_19)
FNDA:0,(anonymous_20)
FNDA:0,(anonymous_21)
FNDA:0,(anonymous_22)
FNDA:0,(anonymous_23)
FNDA:0,(anonymous_24)
FNDA:0,(anonymous_25)
FNDA:0,(anonymous_26)
FNDA:0,(anonymous_27)
FNDA:0,(anonymous_28)
FNDA:15,(anonymous_29)
DA:1,7
DA:9,7
DA:12,5
DA:17,5
DA:20,7
DA:23,1
DA:28,1
DA:31,7
DA:32,2
DA:39,2
DA:42,7
DA:45,0
DA:52,0
DA:64,7
DA:65,0
DA:72,0
DA:75,7
DA:80,0
DA:88,0
DA:91,7
DA:92,0
DA:99,0
DA:102,7
DA:103,0
DA:110,0
DA:113,7
DA:114,0
DA:121,0
DA:124,7
DA:125,0
DA:132,0
DA:135,7
DA:138,0
DA:145,0
DA:148,7
DA:149,0
DA:156,0
DA:159,7
DA:160,0
DA:167,0
DA:177,7
DA:181,2
DA:191,2
DA:194,7
DA:199,0
DA:207,0
DA:210,7
DA:214,0
DA:221,0
DA:224,7
DA:228,0
DA:238,0
DA:254,7
DA:255,7
DA:258,7
DA:259,7
DA:262,7
DA:266,5
DA:280,7
DA:281,0
DA:288,0
DA:291,7
DA:292,0
DA:299,0
DA:302,7
DA:307,0
DA:315,0
DA:318,7
DA:322,0
DA:329,0
DA:332,7
DA:336,0
DA:346,0
DA:349,7
DA:353,0
DA:363,0
DA:366,7
DA:371,0
DA:381,0
DA:384,7
DA:388,0
DA:396,0
DA:399,7
DA:404,0
DA:412,0
DA:415,7
DA:420,0
DA:428,0
DA:431,7
DA:435,0
DA:442,0
DA:450,7
DA:451,15
DA:453,15
DA:455,15
DA:456,15
DA:458,14
DA:459,14
DA:460,14
DA:462,1
DA:466,0
DA:470,0
DA:477,1
DA:482,1
DA:483,1
DA:486,15
DA:488,3
DA:491,3
DA:493,12
LF:109
LH:59
BRDA:258,0,0,7
BRDA:258,0,1,0
BRDA:458,1,0,14
BRDA:458,1,1,0
BRDA:462,2,0,0
BRDA:462,2,1,1
BRDA:463,3,0,1
BRDA:463,3,1,1
BRDA:474,4,0,0
BRDA:474,4,1,0
BRDA:486,5,0,3
BRDA:486,5,1,12
BRDA:488,6,0,3
BRDA:488,6,1,0
BRDA:488,6,2,0
BRDA:490,7,0,0
BRDA:490,7,1,0
BRDA:490,8,0,0
BRDA:490,8,1,0
BRDA:493,9,0,12
BRDA:493,9,1,0
BRF:21
BRH:9
end_of_record
TN:
SF:src\services\jwtUtils.ts
FN:11,(anonymous_0)
FN:20,(anonymous_1)
FN:28,(anonymous_2)
FN:33,(anonymous_3)
FN:38,(anonymous_4)
FN:43,(anonymous_5)
FN:48,(anonymous_6)
FN:55,(anonymous_7)
FNF:8
FNH:8
FNDA:16,(anonymous_0)
FNDA:4,(anonymous_1)
FNDA:7,(anonymous_2)
FNDA:1,(anonymous_3)
FNDA:2,(anonymous_4)
FNDA:2,(anonymous_5)
FNDA:3,(anonymous_6)
FNDA:6,(anonymous_7)
DA:1,6
DA:11,6
DA:12,16
DA:13,16
DA:15,2
DA:16,2
DA:20,6
DA:21,4
DA:22,4
DA:24,2
DA:25,2
DA:28,6
DA:29,7
DA:30,7
DA:33,6
DA:34,1
DA:35,1
DA:38,6
DA:39,2
DA:40,2
DA:43,6
DA:44,2
DA:45,2
DA:48,6
DA:49,3
DA:50,2
DA:51,2
DA:52,1
DA:55,6
DA:56,6
DA:58,1
DA:60,1
DA:62,4
LF:33
LH:33
BRDA:22,0,0,2
BRDA:22,0,1,2
BRDA:22,1,0,4
BRDA:22,1,1,4
BRDA:30,2,0,7
BRDA:30,2,1,1
BRDA:35,3,0,1
BRDA:35,3,1,0
BRDA:45,4,0,2
BRDA:45,4,1,0
BRDA:49,5,0,1
BRDA:49,5,1,2
BRDA:51,6,0,1
BRDA:51,6,1,1
BRDA:56,7,0,1
BRDA:56,7,1,1
BRDA:56,7,2,4
BRF:17
BRH:15
end_of_record
