TN:
SF:src\components\AuthForm\AuthForm.tsx
FN:11,AuthForm
FN:28,(anonymous_1)
FN:30,(anonymous_2)
FN:36,(anonymous_3)
FN:52,(anonymous_4)
FN:101,(anonymous_5)
FN:107,(anonymous_6)
FNF:7
FNH:6
FNDA:22,AuthForm
FNDA:10,(anonymous_1)
FNDA:10,(anonymous_2)
FNDA:3,(anonymous_3)
FNDA:3,(anonymous_4)
FNDA:0,(anonymous_5)
FNDA:1,(anonymous_6)
DA:1,3
DA:2,3
DA:3,3
DA:12,22
DA:14,22
DA:24,22
DA:25,22
DA:26,22
DA:28,22
DA:29,10
DA:30,10
DA:36,22
DA:37,3
DA:38,1
DA:39,1
DA:40,1
DA:41,1
DA:42,1
DA:43,1
DA:44,1
DA:46,2
DA:47,2
DA:49,2
DA:52,22
DA:53,3
DA:54,3
DA:55,3
DA:57,3
DA:58,3
DA:59,1
DA:60,1
DA:63,2
DA:65,2
DA:66,2
DA:70,2
DA:85,2
DA:93,2
DA:95,2
DA:96,1
DA:99,1
DA:100,0
DA:101,0
DA:102,0
DA:105,1
DA:106,1
DA:107,1
DA:108,1
DA:112,1
DA:113,1
DA:115,2
DA:119,22
DA:240,3
LF:52
LH:49
BRDA:11,0,0,0
BRDA:37,1,0,1
BRDA:37,1,1,2
BRDA:38,2,0,0
BRDA:38,2,1,1
BRDA:39,3,0,0
BRDA:39,3,1,1
BRDA:40,4,0,0
BRDA:40,4,1,1
BRDA:41,5,0,0
BRDA:41,5,1,1
BRDA:42,6,0,0
BRDA:42,6,1,1
BRDA:43,7,0,0
BRDA:43,7,1,1
BRDA:44,8,0,1
BRDA:44,8,1,0
BRDA:46,9,0,0
BRDA:46,9,1,2
BRDA:47,10,0,0
BRDA:47,10,1,2
BRDA:58,11,0,1
BRDA:58,11,1,2
BRDA:66,12,0,0
BRDA:66,12,1,2
BRDA:70,13,0,0
BRDA:70,13,1,2
BRDA:75,14,0,0
BRDA:75,14,1,0
BRDA:95,15,0,1
BRDA:95,15,1,1
BRDA:96,16,0,1
BRDA:96,16,1,0
BRDA:96,16,2,0
BRDA:99,17,0,0
BRDA:99,17,1,1
BRDA:112,18,0,1
BRDA:112,18,1,0
BRDA:124,19,0,22
BRDA:124,19,1,2
BRDA:125,20,0,22
BRDA:125,20,1,1
BRDA:127,21,0,22
BRDA:127,21,1,10
BRDA:196,22,0,22
BRDA:196,22,1,12
BRDA:221,23,0,2
BRDA:221,23,1,20
BRDA:225,24,0,10
BRDA:225,24,1,12
BRF:50
BRH:32
end_of_record
TN:
SF:src\pages\Dashboard.tsx
FN:16,Dashboard
FN:20,(anonymous_1)
FN:27,(anonymous_2)
FN:53,(anonymous_3)
FNF:4
FNH:4
FNDA:6,Dashboard
FNDA:4,(anonymous_1)
FNDA:3,(anonymous_2)
FNDA:1,(anonymous_3)
DA:1,1
DA:2,1
DA:3,1
DA:16,1
DA:17,6
DA:18,6
DA:20,6
DA:21,4
DA:22,4
DA:23,1
DA:24,1
DA:27,3
DA:28,3
DA:29,3
DA:37,3
DA:38,1
DA:41,2
DA:42,2
DA:44,1
DA:45,1
DA:46,1
DA:50,3
DA:53,6
DA:54,1
DA:55,1
DA:58,6
DA:59,4
DA:62,2
LF:28
LH:28
BRDA:22,0,0,1
BRDA:22,0,1,3
BRDA:37,1,0,1
BRDA:37,1,1,2
BRDA:58,2,0,4
BRDA:58,2,1,2
BRF:6
BRH:6
end_of_record
TN:
SF:src\pages\Login.tsx
FN:5,Login
FNF:1
FNH:1
FNDA:1,Login
DA:1,1
DA:5,1
DA:6,1
LF:3
LH:3
BRF:0
BRH:0
end_of_record
TN:
SF:src\pages\Signup.tsx
FN:3,Signup
FNF:1
FNH:1
FNDA:1,Signup
DA:1,1
DA:3,1
DA:4,1
LF:3
LH:3
BRF:0
BRH:0
end_of_record
